02:09:17.799 [main                     ] DEBUG Logger               - Configured Logger
02:09:17.833 [main                     ] DEBUG GameApplication      - Logging settings
Title: Restaurant Simulation
Version: 0.0
Width: 800
Height: 600
Fullscreen: false
Intro: false
Profiling: false
Single step:false
App Mode: DEVELOPER
Menu Key: ESCAPE
Stage Style: DECORATED
Scene Factory: class com.almasb.fxgl.app.scene.SceneFactory

02:09:18.333 [JavaFX Application Thread] DEBUG FXGLApplication      - Initializing FXGL
02:09:18.343 [JavaFX Application Thread] INFO  Engine               - FXGL-17.2 (20.08.2022 16.50) on WINDOWS (J:17.0.12 FX:18)
02:09:18.343 [JavaFX Application Thread] DEBUG Engine               - JRE Vendor Name: Oracle Corporation
02:09:18.344 [JavaFX Application Thread] DEBUG Engine               - Running on OS: Windows 11 version 10.0
02:09:18.344 [JavaFX Application Thread] DEBUG Engine               - Architecture: amd64
02:09:18.344 [JavaFX Application Thread] INFO  Engine               - Source code and latest versions at: https://github.com/AlmasB/FXGL
02:09:18.344 [JavaFX Application Thread] INFO  Engine               -       Ask questions and discuss at: https://github.com/AlmasB/FXGL/discussions
02:09:18.345 [JavaFX Application Thread] INFO  Engine               -              Join the FXGL chat at: https://gitter.im/AlmasB/FXGL
02:09:18.618 [JavaFX Application Thread] DEBUG PrimaryStageWindow   - Creating a JavaFX scene
02:09:18.720 [JavaFX Application Thread] DEBUG PrimaryStageWindow   - Target settings size: 800.0 x 600.0
02:09:18.722 [JavaFX Application Thread] DEBUG PrimaryStageWindow   - Scaled scene size:    800.0 x 600.0
02:09:18.723 [JavaFX Application Thread] DEBUG PrimaryStageWindow   - Scaled ratio: (1.0, 1.0)
02:09:18.725 [JavaFX Application Thread] DEBUG PrimaryStageWindow   - Set initial scene to FXGLStartupScene
02:09:18.748 [JavaFX Application Thread] DEBUG PrimaryStageWindow   - Opening main window
02:09:18.861 [JavaFX Application Thread] DEBUG PrimaryStageWindow   - Window border size: (16.0, 39.0)
02:09:18.861 [JavaFX Application Thread] DEBUG PrimaryStageWindow   - Scaled size: 800.0 x 600.0
02:09:18.862 [JavaFX Application Thread] DEBUG PrimaryStageWindow   - Scaled ratio: (1.0, 1.0)
02:09:18.862 [JavaFX Application Thread] DEBUG PrimaryStageWindow   - Scene size: 800.0 x 600.0
02:09:18.862 [JavaFX Application Thread] DEBUG PrimaryStageWindow   - Stage size: 816.0 x 639.0
02:09:18.882 [FXGL Background Thread 1 ] DEBUG Engine               - Initializing environment variables
02:09:18.927 [FXGL Background Thread 1 ] DEBUG FXGLAssetLoaderServi - User app class for loading assets: class org.example.Main
02:09:18.927 [FXGL Background Thread 1 ] DEBUG GameApplicationServi - Applying CSS: fxgl_dark.css
02:09:18.928 [FXGL Background Thread 1 ] DEBUG FXGLAssetLoaderServi - Loading from file system: jar:file:/C:/Users/Norma/.m2/repository/com/github/almasb/fxgl/17.2/fxgl-17.2.jar!/fxglassets/ui/css/fxgl_dark.css
02:09:19.004 [FXGL Background Thread 1 ] DEBUG GameApplicationServi - Initializing application scenes
02:09:19.104 [FXGL Background Thread 1 ] DEBUG GameWorld            - Game world initialized
02:09:19.174 [FXGL Background Thread 1 ] DEBUG PhysicsWorld         - Physics world initialized: appHeight=600, physics.ppm=50.0
02:09:19.174 [FXGL Background Thread 1 ] DEBUG PhysicsWorld         - Using strategy: BRUTE_FORCE
02:09:19.180 [FXGL Background Thread 1 ] DEBUG GameScene            - Game scene initialized: 800x600
02:09:19.197 [FXGL Background Thread 1 ] DEBUG FXGL.DefaultMenu     - createMenuBodyGameMenu()
02:09:19.219 [FXGL Background Thread 1 ] DEBUG FXGL.DefaultMenu     - createOptionsMenu()
02:09:19.234 [FXGL Background Thread 1 ] DEBUG FXGLAssetLoaderServi - Loading from file system: jar:file:/C:/Users/Norma/.m2/repository/com/github/almasb/fxgl/17.2/fxgl-17.2.jar!/fxglassets/textures/particles/smoke.png
02:09:19.363 [FXGL Background Thread 1 ] DEBUG FXGLAssetLoaderServi - Loading from file system: jar:file:/C:/Users/Norma/.m2/repository/com/github/almasb/fxgl/17.2/fxgl-17.2.jar!/fxglassets/textures/particles/trace_horizontal.png
02:09:19.402 [FXGL Background Thread 1 ] DEBUG GameApplicationServi - Application scenes initialized
02:09:19.418 [FXGL Background Thread 1 ] DEBUG SystemBundleService  - Loading FXGL system data
02:09:19.420 [FXGL Background Thread 1 ] DEBUG FileSystemAccess     - Reading from: C:\Users\Norma\IdeaProjects\Front-simulador\system\fxgl.bundle
02:09:19.424 [FXGL Background Thread 1 ] DEBUG SystemBundleService  - Bundle FXGL: {}
02:09:19.425 [FXGL Background Thread 1 ] DEBUG UpdaterService       - Checking for updates
02:09:19.435 [FXGL Background Thread 1 ] DEBUG FXGLApplication      - Loading default localization
02:09:19.436 [FXGL Background Thread 1 ] DEBUG FXGLAssetLoaderServi - Loading from file system: jar:file:/C:/Users/Norma/.m2/repository/com/github/almasb/fxgl/17.2/fxgl-17.2.jar!/fxglassets/languages/english.lang
02:09:19.440 [FXGL Background Thread 4 ] DEBUG FXGLApplication      - Loading fonts
02:09:19.443 [FXGL Background Thread 4 ] DEBUG FXGLAssetLoaderServi - Loading from file system: jar:file:/C:/Users/Norma/.m2/repository/com/github/almasb/fxgl/17.2/fxgl-17.2.jar!/fxglassets/ui/fonts/VarelaRound-Regular.ttf
02:09:19.463 [FXGL Background Thread 1 ] INFO  FXGLApplication      - FXGL initialization took: 0.581 sec
02:09:19.463 [FXGL Background Thread 4 ] DEBUG FXGLAssetLoaderServi - Loading from file system: jar:file:/C:/Users/Norma/.m2/repository/com/github/almasb/fxgl/17.2/fxgl-17.2.jar!/fxglassets/ui/fonts/Abel-Regular.ttf
02:09:19.467 [JavaFX Application Thread] DEBUG FXGLAssetLoaderServi - Loading from file system: jar:file:/C:/Users/Norma/.m2/repository/com/github/almasb/fxgl/17.2/fxgl-17.2.jar!/fxglassets/textures/fxgl_icon.png
02:09:19.478 [FXGL Background Thread 4 ] DEBUG FXGLAssetLoaderServi - Loading from file system: jar:file:/C:/Users/Norma/.m2/repository/com/github/almasb/fxgl/17.2/fxgl-17.2.jar!/fxglassets/ui/fonts/TerminalLandMono-Regular.otf
02:09:19.488 [FXGL Background Thread 4 ] DEBUG FXGLAssetLoaderServi - Loading from file system: jar:file:/C:/Users/Norma/.m2/repository/com/github/almasb/fxgl/17.2/fxgl-17.2.jar!/fxglassets/ui/fonts/Courier-Prime.ttf
02:09:19.495 [JavaFX Application Thread] DEBUG FXGLAssetLoaderServi - Loading from file system: jar:file:/C:/Users/Norma/.m2/repository/com/github/almasb/fxgl/17.2/fxgl-17.2.jar!/fxglassets/textures/fxgl_default_cursor.png
02:09:19.511 [JavaFX Application Thread] DEBUG Input                - Registered new binding: Screenshot - CTRL+8
02:09:19.511 [JavaFX Application Thread] DEBUG Input                - Registered new binding: System info dump - CTRL+9
02:09:19.512 [JavaFX Application Thread] DEBUG Input                - Registered new binding: Restart - CTRL+R
02:09:19.513 [JavaFX Application Thread] DEBUG Input                - Registered new binding: Toggle Debug Camera - CTRL+7
02:09:19.516 [JavaFX Application Thread] DEBUG LoopRunner           - Starting loop
02:09:19.516 [JavaFX Application Thread] DEBUG LoopRunner           - Initializing JavaFX AnimationTimerLoop
02:09:19.518 [JavaFX Application Thread] DEBUG GameApplicationServi - Starting new game
02:09:19.518 [JavaFX Application Thread] DEBUG Input                - Clearing active input actions
02:09:19.532 [JavaFX Application Thread] DEBUG GameApplicationServi - Removing overlay from FXGLStartupScene and adding to FXGLLoadingScene
02:09:19.534 [JavaFX Application Thread] DEBUG PrimaryStageWindow   - FXGLStartupScene -> FXGLLoadingScene
02:09:19.534 [JavaFX Application Thread] DEBUG GameApplicationServi - Clearing previous game
02:09:19.534 [JavaFX Application Thread] DEBUG GameScene            - Clearing game scene
02:09:19.534 [JavaFX Application Thread] DEBUG GameWorld            - Clearing game world
02:09:19.534 [JavaFX Application Thread] DEBUG PhysicsWorld         - Clearing physics world
02:09:19.539 [JavaFX Application Thread] DEBUG FXGLApplication      - Registering font factories with UI factory
02:09:19.538 [FXGL Background Thread 4 ] DEBUG FXGLApplication      - Initializing game
02:09:19.543 [FXGL Background Thread 4 ] DEBUG FXGLAssetLoaderServi - Loading from file system: file:/C:/Users/Norma/IdeaProjects/Front-simulador/target/classes/assets/textures/floor.png
02:09:19.582 [FXGL Background Thread 4 ] DEBUG FXGLAssetLoaderServi - Loading from file system: file:/C:/Users/Norma/IdeaProjects/Front-simulador/target/classes/assets/textures/table.png
02:09:19.586 [FXGL Background Thread 4 ] DEBUG FXGLAssetLoaderServi - Loading from file system: file:/C:/Users/Norma/IdeaProjects/Front-simulador/target/classes/assets/textures/receptionist.png
02:09:19.616 [FXGL Background Thread 4 ] DEBUG FXGLAssetLoaderServi - Loading from file system: file:/C:/Users/Norma/IdeaProjects/Front-simulador/target/classes/assets/textures/girl2.png
02:09:19.638 [FXGL Background Thread 4 ] DEBUG FXGLAssetLoaderServi - Loading from file system: file:/C:/Users/Norma/IdeaProjects/Front-simulador/target/classes/assets/textures/kitchen.png
02:09:19.653 [FXGL Background Thread 4 ] DEBUG FXGLAssetLoaderServi - Loading from file system: file:/C:/Users/Norma/IdeaProjects/Front-simulador/target/classes/assets/textures/chef.png
02:09:19.660 [FXGL Background Thread 4 ] WARN  GameWorld            - Entity is already attached to world
02:09:19.664 [FXGL Background Thread 4 ] DEBUG FXGLAssetLoaderServi - Loading from file system: file:/C:/Users/Norma/IdeaProjects/Front-simulador/target/classes/assets/textures/tables.png
02:09:19.715 [FXGL Background Thread 4 ] DEBUG FXGLAssetLoaderServi - Loading from file system: file:/C:/Users/Norma/IdeaProjects/Front-simulador/target/classes/assets/textures/mesera.png
02:09:19.729 [FXGL Background Thread 4 ] DEBUG FXGLAssetLoaderServi - Loading from file system: file:/C:/Users/Norma/IdeaProjects/Front-simulador/target/classes/assets/textures/food.png
02:09:19.738 [FXGL Background Thread 4 ] WARN  GameWorld            - Entity is already attached to world
02:09:19.738 [FXGL Background Thread 4 ] WARN  GameWorld            - Entity is already attached to world
02:09:19.738 [FXGL Background Thread 4 ] WARN  GameWorld            - Entity is already attached to world
02:09:19.738 [FXGL Background Thread 4 ] WARN  GameWorld            - Entity is already attached to world
02:09:19.738 [FXGL Background Thread 4 ] WARN  GameWorld            - Entity is already attached to world
02:09:19.739 [FXGL Background Thread 4 ] WARN  GameWorld            - Entity is already attached to world
02:09:19.739 [FXGL Background Thread 4 ] WARN  GameWorld            - Entity is already attached to world
02:09:19.739 [FXGL Background Thread 4 ] WARN  GameWorld            - Entity is already attached to world
02:09:19.739 [FXGL Background Thread 4 ] WARN  GameWorld            - Entity is already attached to world
02:09:19.739 [FXGL Background Thread 4 ] WARN  GameWorld            - Entity is already attached to world
02:09:19.739 [FXGL Background Thread 4 ] WARN  GameWorld            - Entity is already attached to world
02:09:19.740 [FXGL Background Thread 4 ] WARN  GameWorld            - Entity is already attached to world
02:09:19.740 [FXGL Background Thread 4 ] WARN  GameWorld            - Entity is already attached to world
02:09:19.740 [FXGL Background Thread 4 ] WARN  GameWorld            - Entity is already attached to world
02:09:19.740 [FXGL Background Thread 4 ] WARN  GameWorld            - Entity is already attached to world
02:09:19.740 [FXGL Background Thread 4 ] WARN  GameWorld            - Entity is already attached to world
02:09:19.740 [FXGL Background Thread 4 ] WARN  GameWorld            - Entity is already attached to world
02:09:19.740 [FXGL Background Thread 4 ] WARN  GameWorld            - Entity is already attached to world
02:09:19.740 [FXGL Background Thread 4 ] WARN  GameWorld            - Entity is already attached to world
02:09:19.741 [FXGL Background Thread 4 ] WARN  GameWorld            - Entity is already attached to world
02:09:19.741 [FXGL Background Thread 4 ] INFO  FXGLApplication      - Game initialization took: 0.202 sec
02:09:19.785 [JavaFX Application Thread] DEBUG Input                - Clearing active input actions
02:09:19.797 [JavaFX Application Thread] DEBUG GameApplicationServi - Removing overlay from FXGLLoadingScene and adding to GameScene
02:09:19.797 [JavaFX Application Thread] DEBUG PrimaryStageWindow   - FXGLLoadingScene -> GameScene
02:09:20.110 [FXGL Background Thread 2 ] INFO  UpdaterService       - Your current version:  17.2
02:09:20.111 [FXGL Background Thread 2 ] INFO  UpdaterService       - Latest stable version: 21.1
02:09:22.437 [FXGL Background Thread 3 ] DEBUG Engine               - Logging environment variables
02:09:22.438 [FXGL Background Thread 3 ] DEBUG Engine               - achievements: []
02:09:22.438 [FXGL Background Thread 3 ] DEBUG Engine               - actualHeight: 600.0
02:09:22.438 [FXGL Background Thread 3 ] DEBUG Engine               - actualHeightProperty: ReadOnlyDoubleProperty [value: 600.0]
02:09:22.438 [FXGL Background Thread 3 ] DEBUG Engine               - actualWidth: 800.0
02:09:22.438 [FXGL Background Thread 3 ] DEBUG Engine               - actualWidthProperty: ReadOnlyDoubleProperty [value: 800.0]
02:09:22.438 [FXGL Background Thread 3 ] DEBUG Engine               - appIcon: fxgl_icon.png
02:09:22.438 [FXGL Background Thread 3 ] DEBUG Engine               - applicationMode: DEVELOPER
02:09:22.438 [FXGL Background Thread 3 ] DEBUG Engine               - cSSList: [fxgl_dark.css]
02:09:22.438 [FXGL Background Thread 3 ] DEBUG Engine               - collisionDetectionStrategy: BRUTE_FORCE
02:09:22.438 [FXGL Background Thread 3 ] DEBUG Engine               - configClass: Optional.empty
02:09:22.438 [FXGL Background Thread 3 ] DEBUG Engine               - credits: []
02:09:22.439 [FXGL Background Thread 3 ] DEBUG Engine               - defaultCursor: CursorInfo(imageName=fxgl_default_cursor.png, hotspotX=7.0, hotspotY=6.0)
02:09:22.439 [FXGL Background Thread 3 ] DEBUG Engine               - devBBoxColorProperty: ObjectProperty [value: 0xff0000ff]
02:09:22.439 [FXGL Background Thread 3 ] DEBUG Engine               - devEnableDebugCameraProperty: BooleanProperty [value: false]
02:09:22.439 [FXGL Background Thread 3 ] DEBUG Engine               - devSensorColorProperty: ObjectProperty [value: 0xffff00ff]
02:09:22.439 [FXGL Background Thread 3 ] DEBUG Engine               - devShowBBoxProperty: BooleanProperty [value: false]
02:09:22.439 [FXGL Background Thread 3 ] DEBUG Engine               - devShowPositionProperty: BooleanProperty [value: false]
02:09:22.439 [FXGL Background Thread 3 ] DEBUG Engine               - enabledMenuItems: []
02:09:22.439 [FXGL Background Thread 3 ] DEBUG Engine               - engineServices: [class com.almasb.fxgl.app.services.FXGLAssetLoaderService, class com.almasb.fxgl.app.FXGLApplication$GameApplicationService, class com.almasb.fxgl.app.services.FXGLDialogService, class com.almasb.fxgl.app.services.IOTaskExecutorService, class com.almasb.fxgl.io.FileSystemService, class com.almasb.fxgl.localization.LocalizationService, class com.almasb.fxgl.app.services.SystemBundleService, class com.almasb.fxgl.profile.SaveLoadService, class com.almasb.fxgl.ui.FXGLUIFactoryServiceProvider, class com.almasb.fxgl.ui.FXGLDialogFactoryServiceProvider, class com.almasb.fxgl.audio.AudioPlayer, class com.almasb.fxgl.notification.impl.NotificationServiceProvider, class com.almasb.fxgl.achievement.AchievementService, class com.almasb.fxgl.cutscene.CutsceneService, class com.almasb.fxgl.minigames.MiniGameService, class com.almasb.fxgl.net.NetService, class com.almasb.fxgl.app.services.UpdaterService, class com.almasb.fxgl.dev.DevService]
02:09:22.439 [FXGL Background Thread 3 ] DEBUG Engine               - fontGame: Abel-Regular.ttf
02:09:22.439 [FXGL Background Thread 3 ] DEBUG Engine               - fontMono: TerminalLandMono-Regular.otf
02:09:22.439 [FXGL Background Thread 3 ] DEBUG Engine               - fontText: Courier-Prime.ttf
02:09:22.439 [FXGL Background Thread 3 ] DEBUG Engine               - fontUI: VarelaRound-Regular.ttf
02:09:22.439 [FXGL Background Thread 3 ] DEBUG Engine               - fullScreen: BooleanProperty [value: false]
02:09:22.439 [FXGL Background Thread 3 ] DEBUG Engine               - gameDifficulty: MEDIUM
02:09:22.439 [FXGL Background Thread 3 ] DEBUG Engine               - gameDifficultyProperty: ObjectProperty [value: MEDIUM]
02:09:22.440 [FXGL Background Thread 3 ] DEBUG Engine               - globalMusicVolume: 0.5
02:09:22.440 [FXGL Background Thread 3 ] DEBUG Engine               - globalMusicVolumeProperty: DoubleProperty [value: 0.5]
02:09:22.440 [FXGL Background Thread 3 ] DEBUG Engine               - globalSoundVolume: 0.5
02:09:22.440 [FXGL Background Thread 3 ] DEBUG Engine               - globalSoundVolumeProperty: DoubleProperty [value: 0.5]
02:09:22.440 [FXGL Background Thread 3 ] DEBUG Engine               - height: 600
02:09:22.440 [FXGL Background Thread 3 ] DEBUG Engine               - is3D: false
02:09:22.440 [FXGL Background Thread 3 ] DEBUG Engine               - isAndroid: false
02:09:22.440 [FXGL Background Thread 3 ] DEBUG Engine               - isBrowser: false
02:09:22.440 [FXGL Background Thread 3 ] DEBUG Engine               - isClickFeedbackEnabled: false
02:09:22.440 [FXGL Background Thread 3 ] DEBUG Engine               - isCloseConfirmation: false
02:09:22.440 [FXGL Background Thread 3 ] DEBUG Engine               - isDesktop: true
02:09:22.440 [FXGL Background Thread 3 ] DEBUG Engine               - isDeveloperMenuEnabled: false
02:09:22.440 [FXGL Background Thread 3 ] DEBUG Engine               - isEmbedded: false
02:09:22.440 [FXGL Background Thread 3 ] DEBUG Engine               - isEntityPreloadEnabled: true
02:09:22.441 [FXGL Background Thread 3 ] DEBUG Engine               - isExperimentalTiledLargeMap: false
02:09:22.441 [FXGL Background Thread 3 ] DEBUG Engine               - isFileSystemWriteAllowed: true
02:09:22.441 [FXGL Background Thread 3 ] DEBUG Engine               - isFullScreenAllowed: false
02:09:22.441 [FXGL Background Thread 3 ] DEBUG Engine               - isFullScreenFromStart: false
02:09:22.441 [FXGL Background Thread 3 ] DEBUG Engine               - isGameMenuEnabled: true
02:09:22.441 [FXGL Background Thread 3 ] DEBUG Engine               - isIOS: false
02:09:22.441 [FXGL Background Thread 3 ] DEBUG Engine               - isIntroEnabled: false
02:09:22.441 [FXGL Background Thread 3 ] DEBUG Engine               - isLinux: false
02:09:22.441 [FXGL Background Thread 3 ] DEBUG Engine               - isMac: false
02:09:22.441 [FXGL Background Thread 3 ] DEBUG Engine               - isMainMenuEnabled: false
02:09:22.441 [FXGL Background Thread 3 ] DEBUG Engine               - isManualResizeEnabled: false
02:09:22.441 [FXGL Background Thread 3 ] DEBUG Engine               - isMobile: false
02:09:22.441 [FXGL Background Thread 3 ] DEBUG Engine               - isNative: false
02:09:22.441 [FXGL Background Thread 3 ] DEBUG Engine               - isPauseMusicWhenMinimized: true
02:09:22.441 [FXGL Background Thread 3 ] DEBUG Engine               - isPreserveResizeRatio: false
02:09:22.441 [FXGL Background Thread 3 ] DEBUG Engine               - isProfilingEnabled: false
02:09:22.442 [FXGL Background Thread 3 ] DEBUG Engine               - isScaleAffectedOnResize: true
02:09:22.442 [FXGL Background Thread 3 ] DEBUG Engine               - isSingleStep: false
02:09:22.442 [FXGL Background Thread 3 ] DEBUG Engine               - isUserProfileEnabled: false
02:09:22.442 [FXGL Background Thread 3 ] DEBUG Engine               - isWindows: true
02:09:22.442 [FXGL Background Thread 3 ] DEBUG Engine               - language: ObjectProperty [value: ENGLISH]
02:09:22.442 [FXGL Background Thread 3 ] DEBUG Engine               - menuKey: ESCAPE
02:09:22.442 [FXGL Background Thread 3 ] DEBUG Engine               - mouseSensitivity: 0.2
02:09:22.442 [FXGL Background Thread 3 ] DEBUG Engine               - notificationViewClass: class com.almasb.fxgl.notification.view.XboxNotificationView
02:09:22.442 [FXGL Background Thread 3 ] DEBUG Engine               - pixelsPerMeter: 50.0
02:09:22.442 [FXGL Background Thread 3 ] DEBUG Engine               - platform: WINDOWS
02:09:22.442 [FXGL Background Thread 3 ] DEBUG Engine               - prefHeightProperty: ReadOnlyDoubleProperty [value: 600.0]
02:09:22.442 [FXGL Background Thread 3 ] DEBUG Engine               - prefWidthProperty: ReadOnlyDoubleProperty [value: 800.0]
02:09:22.443 [FXGL Background Thread 3 ] DEBUG Engine               - profileDir: profiles/
02:09:22.443 [FXGL Background Thread 3 ] DEBUG Engine               - profileName: StringProperty [value: DEFAULT]
02:09:22.443 [FXGL Background Thread 3 ] DEBUG Engine               - randomSeed: -1
02:09:22.443 [FXGL Background Thread 3 ] DEBUG Engine               - runtimeInfo: RuntimeInfo(platform=WINDOWS, version=17.2, build=20.08.2022 16.50)
02:09:22.443 [FXGL Background Thread 3 ] DEBUG Engine               - saveFileExt: sav
02:09:22.443 [FXGL Background Thread 3 ] DEBUG Engine               - scaledHeightProp$fxgl: DoubleProperty [bound, value: 600.0]
02:09:22.443 [FXGL Background Thread 3 ] DEBUG Engine               - scaledWidthProp$fxgl: DoubleProperty [bound, value: 800.0]
02:09:22.443 [FXGL Background Thread 3 ] DEBUG Engine               - sceneFactory: com.almasb.fxgl.app.scene.SceneFactory@20054e6f
02:09:22.443 [FXGL Background Thread 3 ] DEBUG Engine               - secondsIn24h: 60
02:09:22.444 [FXGL Background Thread 3 ] DEBUG Engine               - soundMenuBack: menu/back.wav
02:09:22.444 [FXGL Background Thread 3 ] DEBUG Engine               - soundMenuPress: menu/press.wav
02:09:22.444 [FXGL Background Thread 3 ] DEBUG Engine               - soundMenuSelect: menu/select.wav
02:09:22.444 [FXGL Background Thread 3 ] DEBUG Engine               - soundNotification: core/notification.wav
02:09:22.444 [FXGL Background Thread 3 ] DEBUG Engine               - stageStyle: DECORATED
02:09:22.444 [FXGL Background Thread 3 ] DEBUG Engine               - supportedLanguages: [ENGLISH, FRENCH, GERMAN, HUNGARIAN, RUSSIAN]
02:09:22.444 [FXGL Background Thread 3 ] DEBUG Engine               - ticksPerSecond: -1
02:09:22.444 [FXGL Background Thread 3 ] DEBUG Engine               - title: Restaurant Simulation
02:09:22.444 [FXGL Background Thread 3 ] DEBUG Engine               - urlGithub: https://github.com/AlmasB/FXGL
02:09:22.444 [FXGL Background Thread 3 ] DEBUG Engine               - urlLeaderboard: http://fxgl-top.herokuapp.com/
02:09:22.444 [FXGL Background Thread 3 ] DEBUG Engine               - urlPOM: https://raw.githubusercontent.com/AlmasB/FXGL/release/README.md
02:09:22.444 [FXGL Background Thread 3 ] DEBUG Engine               - userAppClass: class org.example.Main
02:09:22.444 [FXGL Background Thread 3 ] DEBUG Engine               - version: 0.0
02:09:22.445 [FXGL Background Thread 3 ] DEBUG Engine               - versionCheckDays: 7
02:09:22.445 [FXGL Background Thread 3 ] DEBUG Engine               - width: 800
02:09:22.445 [FXGL Background Thread 3 ] DEBUG Engine               - Logging services
02:09:22.445 [FXGL Background Thread 3 ] DEBUG Engine               - class com.almasb.fxgl.app.services.FXGLAssetLoaderService
02:09:22.445 [FXGL Background Thread 3 ] DEBUG Engine               - class com.almasb.fxgl.app.FXGLApplication$GameApplicationService
02:09:22.445 [FXGL Background Thread 3 ] DEBUG Engine               - class com.almasb.fxgl.app.services.FXGLDialogService
02:09:22.445 [FXGL Background Thread 3 ] DEBUG Engine               - class com.almasb.fxgl.app.services.IOTaskExecutorService
02:09:22.445 [FXGL Background Thread 3 ] DEBUG Engine               - class com.almasb.fxgl.io.FileSystemService
02:09:22.445 [FXGL Background Thread 3 ] DEBUG Engine               - class com.almasb.fxgl.localization.LocalizationService
02:09:22.445 [FXGL Background Thread 3 ] DEBUG Engine               - class com.almasb.fxgl.app.services.SystemBundleService
02:09:22.445 [FXGL Background Thread 3 ] DEBUG Engine               - class com.almasb.fxgl.profile.SaveLoadService
02:09:22.445 [FXGL Background Thread 3 ] DEBUG Engine               - class com.almasb.fxgl.ui.FXGLUIFactoryServiceProvider
02:09:22.445 [FXGL Background Thread 3 ] DEBUG Engine               - class com.almasb.fxgl.ui.FXGLDialogFactoryServiceProvider
02:09:22.445 [FXGL Background Thread 3 ] DEBUG Engine               - class com.almasb.fxgl.audio.AudioPlayer
02:09:22.445 [FXGL Background Thread 3 ] DEBUG Engine               - class com.almasb.fxgl.notification.impl.NotificationServiceProvider
02:09:22.445 [FXGL Background Thread 3 ] DEBUG Engine               - class com.almasb.fxgl.achievement.AchievementService
02:09:22.446 [FXGL Background Thread 3 ] DEBUG Engine               - class com.almasb.fxgl.cutscene.CutsceneService
02:09:22.446 [FXGL Background Thread 3 ] DEBUG Engine               - class com.almasb.fxgl.minigames.MiniGameService
02:09:22.446 [FXGL Background Thread 3 ] DEBUG Engine               - class com.almasb.fxgl.net.NetService
02:09:22.446 [FXGL Background Thread 3 ] DEBUG Engine               - class com.almasb.fxgl.app.services.UpdaterService
02:09:22.446 [FXGL Background Thread 3 ] DEBUG Engine               - class com.almasb.fxgl.dev.DevService
02:09:25.503 [JavaFX Application Thread] DEBUG FXGLApplication      - Exiting FXGL
02:09:25.503 [JavaFX Application Thread] DEBUG LoopRunner           - Stopping loop
02:09:25.503 [JavaFX Application Thread] DEBUG SystemBundleService  - Saving FXGL system data
02:09:25.505 [JavaFX Application Thread] DEBUG FileSystemAccess     - Writing to: C:\Users\Norma\IdeaProjects\Front-simulador\system\fxgl.bundle
02:09:25.506 [JavaFX Application Thread] DEBUG Async                - Shutting down background threads
02:09:25.506 [JavaFX Application Thread] DEBUG PrimaryStageWindow   - Closing main window
02:09:25.531 [JavaFX Application Thread] DEBUG Logger               - Closing Logger
