02:07:09.918 [main                     ] DEBUG Logger               - Configured Logger
02:07:09.948 [main                     ] DEBUG GameApplication      - Logging settings
Title: Restaurant Simulation
Version: 0.0
Width: 800
Height: 600
Fullscreen: false
Intro: false
Profiling: false
Single step:false
App Mode: DEVELOPER
Menu Key: ESCAPE
Stage Style: DECORATED
Scene Factory: class com.almasb.fxgl.app.scene.SceneFactory

02:07:10.428 [JavaFX Application Thread] DEBUG FXGLApplication      - Initializing FXGL
02:07:10.439 [JavaFX Application Thread] INFO  Engine               - FXGL-17.2 (20.08.2022 16.50) on WINDOWS (J:17.0.12 FX:18)
02:07:10.439 [JavaFX Application Thread] DEBUG Engine               - JRE Vendor Name: Oracle Corporation
02:07:10.440 [JavaFX Application Thread] DEBUG Engine               - Running on OS: Windows 11 version 10.0
02:07:10.440 [JavaFX Application Thread] DEBUG Engine               - Architecture: amd64
02:07:10.440 [JavaFX Application Thread] INFO  Engine               - Source code and latest versions at: https://github.com/AlmasB/FXGL
02:07:10.440 [JavaFX Application Thread] INFO  Engine               -       Ask questions and discuss at: https://github.com/AlmasB/FXGL/discussions
02:07:10.440 [JavaFX Application Thread] INFO  Engine               -              Join the FXGL chat at: https://gitter.im/AlmasB/FXGL
02:07:10.621 [JavaFX Application Thread] DEBUG PrimaryStageWindow   - Creating a JavaFX scene
02:07:10.702 [JavaFX Application Thread] DEBUG PrimaryStageWindow   - Target settings size: 800.0 x 600.0
02:07:10.702 [JavaFX Application Thread] DEBUG PrimaryStageWindow   - Scaled scene size:    800.0 x 600.0
02:07:10.702 [JavaFX Application Thread] DEBUG PrimaryStageWindow   - Scaled ratio: (1.0, 1.0)
02:07:10.704 [JavaFX Application Thread] DEBUG PrimaryStageWindow   - Set initial scene to FXGLStartupScene
02:07:10.721 [JavaFX Application Thread] DEBUG PrimaryStageWindow   - Opening main window
02:07:10.851 [JavaFX Application Thread] DEBUG PrimaryStageWindow   - Window border size: (16.0, 39.0)
02:07:10.851 [JavaFX Application Thread] DEBUG PrimaryStageWindow   - Scaled size: 800.0 x 600.0
02:07:10.852 [JavaFX Application Thread] DEBUG PrimaryStageWindow   - Scaled ratio: (1.0, 1.0)
02:07:10.852 [JavaFX Application Thread] DEBUG PrimaryStageWindow   - Scene size: 800.0 x 600.0
02:07:10.852 [JavaFX Application Thread] DEBUG PrimaryStageWindow   - Stage size: 816.0 x 639.0
02:07:10.928 [FXGL Background Thread 1 ] DEBUG Engine               - Initializing environment variables
02:07:10.977 [FXGL Background Thread 1 ] DEBUG FXGLAssetLoaderServi - User app class for loading assets: class org.example.Main
02:07:10.977 [FXGL Background Thread 1 ] DEBUG GameApplicationServi - Applying CSS: fxgl_dark.css
02:07:10.978 [FXGL Background Thread 1 ] DEBUG FXGLAssetLoaderServi - Loading from file system: jar:file:/C:/Users/Norma/.m2/repository/com/github/almasb/fxgl/17.2/fxgl-17.2.jar!/fxglassets/ui/css/fxgl_dark.css
02:07:11.045 [FXGL Background Thread 1 ] DEBUG GameApplicationServi - Initializing application scenes
02:07:11.133 [FXGL Background Thread 1 ] DEBUG GameWorld            - Game world initialized
02:07:11.205 [FXGL Background Thread 1 ] DEBUG PhysicsWorld         - Physics world initialized: appHeight=600, physics.ppm=50.0
02:07:11.206 [FXGL Background Thread 1 ] DEBUG PhysicsWorld         - Using strategy: BRUTE_FORCE
02:07:11.211 [FXGL Background Thread 1 ] DEBUG GameScene            - Game scene initialized: 800x600
02:07:11.229 [FXGL Background Thread 1 ] DEBUG FXGL.DefaultMenu     - createMenuBodyGameMenu()
02:07:11.251 [FXGL Background Thread 1 ] DEBUG FXGL.DefaultMenu     - createOptionsMenu()
02:07:11.265 [FXGL Background Thread 1 ] DEBUG FXGLAssetLoaderServi - Loading from file system: jar:file:/C:/Users/Norma/.m2/repository/com/github/almasb/fxgl/17.2/fxgl-17.2.jar!/fxglassets/textures/particles/smoke.png
02:07:11.392 [FXGL Background Thread 1 ] DEBUG FXGLAssetLoaderServi - Loading from file system: jar:file:/C:/Users/Norma/.m2/repository/com/github/almasb/fxgl/17.2/fxgl-17.2.jar!/fxglassets/textures/particles/trace_horizontal.png
02:07:11.435 [FXGL Background Thread 1 ] DEBUG GameApplicationServi - Application scenes initialized
02:07:11.454 [FXGL Background Thread 1 ] DEBUG SystemBundleService  - Loading FXGL system data
02:07:11.456 [FXGL Background Thread 1 ] DEBUG FileSystemAccess     - Reading from: C:\Users\Norma\IdeaProjects\Front-simulador\system\fxgl.bundle
02:07:11.460 [FXGL Background Thread 1 ] DEBUG SystemBundleService  - Bundle FXGL: {}
02:07:11.460 [FXGL Background Thread 1 ] DEBUG UpdaterService       - Checking for updates
02:07:11.466 [FXGL Background Thread 1 ] DEBUG FXGLApplication      - Loading default localization
02:07:11.467 [FXGL Background Thread 1 ] DEBUG FXGLAssetLoaderServi - Loading from file system: jar:file:/C:/Users/Norma/.m2/repository/com/github/almasb/fxgl/17.2/fxgl-17.2.jar!/fxglassets/languages/english.lang
02:07:11.497 [FXGL Background Thread 1 ] INFO  FXGLApplication      - FXGL initialization took: 0.569 sec
02:07:11.503 [JavaFX Application Thread] DEBUG FXGLAssetLoaderServi - Loading from file system: jar:file:/C:/Users/Norma/.m2/repository/com/github/almasb/fxgl/17.2/fxgl-17.2.jar!/fxglassets/textures/fxgl_icon.png
02:07:11.521 [FXGL Background Thread 4 ] DEBUG FXGLApplication      - Loading fonts
02:07:11.521 [FXGL Background Thread 4 ] DEBUG FXGLAssetLoaderServi - Loading from file system: jar:file:/C:/Users/Norma/.m2/repository/com/github/almasb/fxgl/17.2/fxgl-17.2.jar!/fxglassets/ui/fonts/VarelaRound-Regular.ttf
02:07:11.528 [JavaFX Application Thread] DEBUG FXGLAssetLoaderServi - Loading from file system: jar:file:/C:/Users/Norma/.m2/repository/com/github/almasb/fxgl/17.2/fxgl-17.2.jar!/fxglassets/textures/fxgl_default_cursor.png
02:07:11.543 [JavaFX Application Thread] DEBUG Input                - Registered new binding: Screenshot - CTRL+8
02:07:11.544 [JavaFX Application Thread] DEBUG Input                - Registered new binding: System info dump - CTRL+9
02:07:11.543 [FXGL Background Thread 4 ] DEBUG FXGLAssetLoaderServi - Loading from file system: jar:file:/C:/Users/Norma/.m2/repository/com/github/almasb/fxgl/17.2/fxgl-17.2.jar!/fxglassets/ui/fonts/Abel-Regular.ttf
02:07:11.544 [JavaFX Application Thread] DEBUG Input                - Registered new binding: Restart - CTRL+R
02:07:11.545 [JavaFX Application Thread] DEBUG Input                - Registered new binding: Toggle Debug Camera - CTRL+7
02:07:11.549 [JavaFX Application Thread] DEBUG LoopRunner           - Starting loop
02:07:11.549 [JavaFX Application Thread] DEBUG LoopRunner           - Initializing JavaFX AnimationTimerLoop
02:07:11.551 [JavaFX Application Thread] DEBUG GameApplicationServi - Starting new game
02:07:11.552 [JavaFX Application Thread] DEBUG Input                - Clearing active input actions
02:07:11.558 [FXGL Background Thread 4 ] DEBUG FXGLAssetLoaderServi - Loading from file system: jar:file:/C:/Users/Norma/.m2/repository/com/github/almasb/fxgl/17.2/fxgl-17.2.jar!/fxglassets/ui/fonts/TerminalLandMono-Regular.otf
02:07:11.570 [JavaFX Application Thread] DEBUG GameApplicationServi - Removing overlay from FXGLStartupScene and adding to FXGLLoadingScene
02:07:11.571 [JavaFX Application Thread] DEBUG PrimaryStageWindow   - FXGLStartupScene -> FXGLLoadingScene
02:07:11.571 [JavaFX Application Thread] DEBUG GameApplicationServi - Clearing previous game
02:07:11.571 [JavaFX Application Thread] DEBUG GameScene            - Clearing game scene
02:07:11.571 [JavaFX Application Thread] DEBUG GameWorld            - Clearing game world
02:07:11.572 [JavaFX Application Thread] DEBUG PhysicsWorld         - Clearing physics world
02:07:11.572 [FXGL Background Thread 4 ] DEBUG FXGLAssetLoaderServi - Loading from file system: jar:file:/C:/Users/Norma/.m2/repository/com/github/almasb/fxgl/17.2/fxgl-17.2.jar!/fxglassets/ui/fonts/Courier-Prime.ttf
02:07:11.574 [FXGL Background Thread 1 ] DEBUG FXGLApplication      - Initializing game
02:07:11.576 [FXGL Background Thread 1 ] DEBUG FXGLAssetLoaderServi - Loading from file system: file:/C:/Users/Norma/IdeaProjects/Front-simulador/target/classes/assets/textures/floor.png
02:07:11.592 [JavaFX Application Thread] DEBUG FXGLApplication      - Registering font factories with UI factory
02:07:11.595 [FXGL Background Thread 1 ] DEBUG FXGLAssetLoaderServi - Loading from file system: file:/C:/Users/Norma/IdeaProjects/Front-simulador/target/classes/assets/textures/table.png
02:07:11.601 [FXGL Background Thread 1 ] DEBUG FXGLAssetLoaderServi - Loading from file system: file:/C:/Users/Norma/IdeaProjects/Front-simulador/target/classes/assets/textures/receptionist.png
02:07:11.610 [FXGL Background Thread 1 ] DEBUG FXGLAssetLoaderServi - Loading from file system: file:/C:/Users/Norma/IdeaProjects/Front-simulador/target/classes/assets/textures/girl2.png
02:07:11.634 [FXGL Background Thread 1 ] DEBUG FXGLAssetLoaderServi - Loading from file system: file:/C:/Users/Norma/IdeaProjects/Front-simulador/target/classes/assets/textures/kitchen.png
02:07:11.645 [FXGL Background Thread 1 ] DEBUG FXGLAssetLoaderServi - Loading from file system: file:/C:/Users/Norma/IdeaProjects/Front-simulador/target/classes/assets/textures/chef.png
02:07:11.662 [FXGL Background Thread 1 ] DEBUG FXGLAssetLoaderServi - Loading from file system: file:/C:/Users/Norma/IdeaProjects/Front-simulador/target/classes/assets/textures/tables.png
02:07:11.681 [FXGL Background Thread 1 ] DEBUG FXGLAssetLoaderServi - Loading from file system: file:/C:/Users/Norma/IdeaProjects/Front-simulador/target/classes/assets/textures/mesera.png
02:07:11.692 [FXGL Background Thread 1 ] DEBUG FXGLAssetLoaderServi - Loading from file system: file:/C:/Users/Norma/IdeaProjects/Front-simulador/target/classes/assets/textures/food.png
02:07:11.705 [FXGL Background Thread 1 ] WARN  GameWorld            - Entity is already attached to world
02:07:11.705 [FXGL Background Thread 1 ] WARN  GameWorld            - Entity is already attached to world
02:07:11.705 [FXGL Background Thread 1 ] WARN  GameWorld            - Entity is already attached to world
02:07:11.705 [FXGL Background Thread 1 ] WARN  GameWorld            - Entity is already attached to world
02:07:11.706 [FXGL Background Thread 1 ] WARN  GameWorld            - Entity is already attached to world
02:07:11.706 [FXGL Background Thread 1 ] WARN  GameWorld            - Entity is already attached to world
02:07:11.706 [FXGL Background Thread 1 ] WARN  GameWorld            - Entity is already attached to world
02:07:11.706 [FXGL Background Thread 1 ] WARN  GameWorld            - Entity is already attached to world
02:07:11.706 [FXGL Background Thread 1 ] WARN  GameWorld            - Entity is already attached to world
02:07:11.706 [FXGL Background Thread 1 ] WARN  GameWorld            - Entity is already attached to world
02:07:11.706 [FXGL Background Thread 1 ] WARN  GameWorld            - Entity is already attached to world
02:07:11.707 [FXGL Background Thread 1 ] WARN  GameWorld            - Entity is already attached to world
02:07:11.707 [FXGL Background Thread 1 ] WARN  GameWorld            - Entity is already attached to world
02:07:11.707 [FXGL Background Thread 1 ] WARN  GameWorld            - Entity is already attached to world
02:07:11.707 [FXGL Background Thread 1 ] WARN  GameWorld            - Entity is already attached to world
02:07:11.707 [FXGL Background Thread 1 ] WARN  GameWorld            - Entity is already attached to world
02:07:11.707 [FXGL Background Thread 1 ] WARN  GameWorld            - Entity is already attached to world
02:07:11.707 [FXGL Background Thread 1 ] WARN  GameWorld            - Entity is already attached to world
02:07:11.707 [FXGL Background Thread 1 ] WARN  GameWorld            - Entity is already attached to world
02:07:11.708 [FXGL Background Thread 1 ] WARN  GameWorld            - Entity is already attached to world
02:07:11.709 [FXGL Background Thread 1 ] INFO  FXGLApplication      - Game initialization took: 0.135 sec
02:07:11.743 [JavaFX Application Thread] DEBUG Input                - Clearing active input actions
02:07:11.752 [JavaFX Application Thread] DEBUG GameApplicationServi - Removing overlay from FXGLLoadingScene and adding to GameScene
02:07:11.752 [JavaFX Application Thread] DEBUG PrimaryStageWindow   - FXGLLoadingScene -> GameScene
02:07:12.191 [FXGL Background Thread 2 ] INFO  UpdaterService       - Your current version:  17.2
02:07:12.191 [FXGL Background Thread 2 ] INFO  UpdaterService       - Latest stable version: 21.1
02:07:14.465 [FXGL Background Thread 3 ] DEBUG Engine               - Logging environment variables
02:07:14.466 [FXGL Background Thread 3 ] DEBUG Engine               - achievements: []
02:07:14.466 [FXGL Background Thread 3 ] DEBUG Engine               - actualHeight: 600.0
02:07:14.466 [FXGL Background Thread 3 ] DEBUG Engine               - actualHeightProperty: ReadOnlyDoubleProperty [value: 600.0]
02:07:14.466 [FXGL Background Thread 3 ] DEBUG Engine               - actualWidth: 800.0
02:07:14.466 [FXGL Background Thread 3 ] DEBUG Engine               - actualWidthProperty: ReadOnlyDoubleProperty [value: 800.0]
02:07:14.467 [FXGL Background Thread 3 ] DEBUG Engine               - appIcon: fxgl_icon.png
02:07:14.467 [FXGL Background Thread 3 ] DEBUG Engine               - applicationMode: DEVELOPER
02:07:14.467 [FXGL Background Thread 3 ] DEBUG Engine               - cSSList: [fxgl_dark.css]
02:07:14.467 [FXGL Background Thread 3 ] DEBUG Engine               - collisionDetectionStrategy: BRUTE_FORCE
02:07:14.467 [FXGL Background Thread 3 ] DEBUG Engine               - configClass: Optional.empty
02:07:14.467 [FXGL Background Thread 3 ] DEBUG Engine               - credits: []
02:07:14.467 [FXGL Background Thread 3 ] DEBUG Engine               - defaultCursor: CursorInfo(imageName=fxgl_default_cursor.png, hotspotX=7.0, hotspotY=6.0)
02:07:14.468 [FXGL Background Thread 3 ] DEBUG Engine               - devBBoxColorProperty: ObjectProperty [value: 0xff0000ff]
02:07:14.468 [FXGL Background Thread 3 ] DEBUG Engine               - devEnableDebugCameraProperty: BooleanProperty [value: false]
02:07:14.468 [FXGL Background Thread 3 ] DEBUG Engine               - devSensorColorProperty: ObjectProperty [value: 0xffff00ff]
02:07:14.468 [FXGL Background Thread 3 ] DEBUG Engine               - devShowBBoxProperty: BooleanProperty [value: false]
02:07:14.468 [FXGL Background Thread 3 ] DEBUG Engine               - devShowPositionProperty: BooleanProperty [value: false]
02:07:14.468 [FXGL Background Thread 3 ] DEBUG Engine               - enabledMenuItems: []
02:07:14.468 [FXGL Background Thread 3 ] DEBUG Engine               - engineServices: [class com.almasb.fxgl.app.services.FXGLAssetLoaderService, class com.almasb.fxgl.app.FXGLApplication$GameApplicationService, class com.almasb.fxgl.app.services.FXGLDialogService, class com.almasb.fxgl.app.services.IOTaskExecutorService, class com.almasb.fxgl.io.FileSystemService, class com.almasb.fxgl.localization.LocalizationService, class com.almasb.fxgl.app.services.SystemBundleService, class com.almasb.fxgl.profile.SaveLoadService, class com.almasb.fxgl.ui.FXGLUIFactoryServiceProvider, class com.almasb.fxgl.ui.FXGLDialogFactoryServiceProvider, class com.almasb.fxgl.audio.AudioPlayer, class com.almasb.fxgl.notification.impl.NotificationServiceProvider, class com.almasb.fxgl.achievement.AchievementService, class com.almasb.fxgl.cutscene.CutsceneService, class com.almasb.fxgl.minigames.MiniGameService, class com.almasb.fxgl.net.NetService, class com.almasb.fxgl.app.services.UpdaterService, class com.almasb.fxgl.dev.DevService]
02:07:14.468 [FXGL Background Thread 3 ] DEBUG Engine               - fontGame: Abel-Regular.ttf
02:07:14.468 [FXGL Background Thread 3 ] DEBUG Engine               - fontMono: TerminalLandMono-Regular.otf
02:07:14.468 [FXGL Background Thread 3 ] DEBUG Engine               - fontText: Courier-Prime.ttf
02:07:14.469 [FXGL Background Thread 3 ] DEBUG Engine               - fontUI: VarelaRound-Regular.ttf
02:07:14.469 [FXGL Background Thread 3 ] DEBUG Engine               - fullScreen: BooleanProperty [value: false]
02:07:14.469 [FXGL Background Thread 3 ] DEBUG Engine               - gameDifficulty: MEDIUM
02:07:14.469 [FXGL Background Thread 3 ] DEBUG Engine               - gameDifficultyProperty: ObjectProperty [value: MEDIUM]
02:07:14.469 [FXGL Background Thread 3 ] DEBUG Engine               - globalMusicVolume: 0.5
02:07:14.469 [FXGL Background Thread 3 ] DEBUG Engine               - globalMusicVolumeProperty: DoubleProperty [value: 0.5]
02:07:14.469 [FXGL Background Thread 3 ] DEBUG Engine               - globalSoundVolume: 0.5
02:07:14.469 [FXGL Background Thread 3 ] DEBUG Engine               - globalSoundVolumeProperty: DoubleProperty [value: 0.5]
02:07:14.469 [FXGL Background Thread 3 ] DEBUG Engine               - height: 600
02:07:14.469 [FXGL Background Thread 3 ] DEBUG Engine               - is3D: false
02:07:14.469 [FXGL Background Thread 3 ] DEBUG Engine               - isAndroid: false
02:07:14.469 [FXGL Background Thread 3 ] DEBUG Engine               - isBrowser: false
02:07:14.470 [FXGL Background Thread 3 ] DEBUG Engine               - isClickFeedbackEnabled: false
02:07:14.470 [FXGL Background Thread 3 ] DEBUG Engine               - isCloseConfirmation: false
02:07:14.470 [FXGL Background Thread 3 ] DEBUG Engine               - isDesktop: true
02:07:14.470 [FXGL Background Thread 3 ] DEBUG Engine               - isDeveloperMenuEnabled: false
02:07:14.470 [FXGL Background Thread 3 ] DEBUG Engine               - isEmbedded: false
02:07:14.470 [FXGL Background Thread 3 ] DEBUG Engine               - isEntityPreloadEnabled: true
02:07:14.470 [FXGL Background Thread 3 ] DEBUG Engine               - isExperimentalTiledLargeMap: false
02:07:14.470 [FXGL Background Thread 3 ] DEBUG Engine               - isFileSystemWriteAllowed: true
02:07:14.470 [FXGL Background Thread 3 ] DEBUG Engine               - isFullScreenAllowed: false
02:07:14.470 [FXGL Background Thread 3 ] DEBUG Engine               - isFullScreenFromStart: false
02:07:14.470 [FXGL Background Thread 3 ] DEBUG Engine               - isGameMenuEnabled: true
02:07:14.470 [FXGL Background Thread 3 ] DEBUG Engine               - isIOS: false
02:07:14.470 [FXGL Background Thread 3 ] DEBUG Engine               - isIntroEnabled: false
02:07:14.470 [FXGL Background Thread 3 ] DEBUG Engine               - isLinux: false
02:07:14.470 [FXGL Background Thread 3 ] DEBUG Engine               - isMac: false
02:07:14.470 [FXGL Background Thread 3 ] DEBUG Engine               - isMainMenuEnabled: false
02:07:14.470 [FXGL Background Thread 3 ] DEBUG Engine               - isManualResizeEnabled: false
02:07:14.470 [FXGL Background Thread 3 ] DEBUG Engine               - isMobile: false
02:07:14.470 [FXGL Background Thread 3 ] DEBUG Engine               - isNative: false
02:07:14.470 [FXGL Background Thread 3 ] DEBUG Engine               - isPauseMusicWhenMinimized: true
02:07:14.470 [FXGL Background Thread 3 ] DEBUG Engine               - isPreserveResizeRatio: false
02:07:14.470 [FXGL Background Thread 3 ] DEBUG Engine               - isProfilingEnabled: false
02:07:14.470 [FXGL Background Thread 3 ] DEBUG Engine               - isScaleAffectedOnResize: true
02:07:14.471 [FXGL Background Thread 3 ] DEBUG Engine               - isSingleStep: false
02:07:14.471 [FXGL Background Thread 3 ] DEBUG Engine               - isUserProfileEnabled: false
02:07:14.471 [FXGL Background Thread 3 ] DEBUG Engine               - isWindows: true
02:07:14.471 [FXGL Background Thread 3 ] DEBUG Engine               - language: ObjectProperty [value: ENGLISH]
02:07:14.471 [FXGL Background Thread 3 ] DEBUG Engine               - menuKey: ESCAPE
02:07:14.471 [FXGL Background Thread 3 ] DEBUG Engine               - mouseSensitivity: 0.2
02:07:14.471 [FXGL Background Thread 3 ] DEBUG Engine               - notificationViewClass: class com.almasb.fxgl.notification.view.XboxNotificationView
02:07:14.471 [FXGL Background Thread 3 ] DEBUG Engine               - pixelsPerMeter: 50.0
02:07:14.471 [FXGL Background Thread 3 ] DEBUG Engine               - platform: WINDOWS
02:07:14.471 [FXGL Background Thread 3 ] DEBUG Engine               - prefHeightProperty: ReadOnlyDoubleProperty [value: 600.0]
02:07:14.471 [FXGL Background Thread 3 ] DEBUG Engine               - prefWidthProperty: ReadOnlyDoubleProperty [value: 800.0]
02:07:14.471 [FXGL Background Thread 3 ] DEBUG Engine               - profileDir: profiles/
02:07:14.471 [FXGL Background Thread 3 ] DEBUG Engine               - profileName: StringProperty [value: DEFAULT]
02:07:14.471 [FXGL Background Thread 3 ] DEBUG Engine               - randomSeed: -1
02:07:14.471 [FXGL Background Thread 3 ] DEBUG Engine               - runtimeInfo: RuntimeInfo(platform=WINDOWS, version=17.2, build=20.08.2022 16.50)
02:07:14.472 [FXGL Background Thread 3 ] DEBUG Engine               - saveFileExt: sav
02:07:14.472 [FXGL Background Thread 3 ] DEBUG Engine               - scaledHeightProp$fxgl: DoubleProperty [bound, value: 600.0]
02:07:14.472 [FXGL Background Thread 3 ] DEBUG Engine               - scaledWidthProp$fxgl: DoubleProperty [bound, value: 800.0]
02:07:14.472 [FXGL Background Thread 3 ] DEBUG Engine               - sceneFactory: com.almasb.fxgl.app.scene.SceneFactory@7675ad15
02:07:14.472 [FXGL Background Thread 3 ] DEBUG Engine               - secondsIn24h: 60
02:07:14.472 [FXGL Background Thread 3 ] DEBUG Engine               - soundMenuBack: menu/back.wav
02:07:14.472 [FXGL Background Thread 3 ] DEBUG Engine               - soundMenuPress: menu/press.wav
02:07:14.472 [FXGL Background Thread 3 ] DEBUG Engine               - soundMenuSelect: menu/select.wav
02:07:14.472 [FXGL Background Thread 3 ] DEBUG Engine               - soundNotification: core/notification.wav
02:07:14.472 [FXGL Background Thread 3 ] DEBUG Engine               - stageStyle: DECORATED
02:07:14.472 [FXGL Background Thread 3 ] DEBUG Engine               - supportedLanguages: [ENGLISH, FRENCH, GERMAN, HUNGARIAN, RUSSIAN]
02:07:14.472 [FXGL Background Thread 3 ] DEBUG Engine               - ticksPerSecond: -1
02:07:14.472 [FXGL Background Thread 3 ] DEBUG Engine               - title: Restaurant Simulation
02:07:14.472 [FXGL Background Thread 3 ] DEBUG Engine               - urlGithub: https://github.com/AlmasB/FXGL
02:07:14.472 [FXGL Background Thread 3 ] DEBUG Engine               - urlLeaderboard: http://fxgl-top.herokuapp.com/
02:07:14.472 [FXGL Background Thread 3 ] DEBUG Engine               - urlPOM: https://raw.githubusercontent.com/AlmasB/FXGL/release/README.md
02:07:14.472 [FXGL Background Thread 3 ] DEBUG Engine               - userAppClass: class org.example.Main
02:07:14.472 [FXGL Background Thread 3 ] DEBUG Engine               - version: 0.0
02:07:14.472 [FXGL Background Thread 3 ] DEBUG Engine               - versionCheckDays: 7
02:07:14.473 [FXGL Background Thread 3 ] DEBUG Engine               - width: 800
02:07:14.473 [FXGL Background Thread 3 ] DEBUG Engine               - Logging services
02:07:14.473 [FXGL Background Thread 3 ] DEBUG Engine               - class com.almasb.fxgl.app.services.FXGLAssetLoaderService
02:07:14.473 [FXGL Background Thread 3 ] DEBUG Engine               - class com.almasb.fxgl.app.FXGLApplication$GameApplicationService
02:07:14.473 [FXGL Background Thread 3 ] DEBUG Engine               - class com.almasb.fxgl.app.services.FXGLDialogService
02:07:14.473 [FXGL Background Thread 3 ] DEBUG Engine               - class com.almasb.fxgl.app.services.IOTaskExecutorService
02:07:14.473 [FXGL Background Thread 3 ] DEBUG Engine               - class com.almasb.fxgl.io.FileSystemService
02:07:14.473 [FXGL Background Thread 3 ] DEBUG Engine               - class com.almasb.fxgl.localization.LocalizationService
02:07:14.473 [FXGL Background Thread 3 ] DEBUG Engine               - class com.almasb.fxgl.app.services.SystemBundleService
02:07:14.473 [FXGL Background Thread 3 ] DEBUG Engine               - class com.almasb.fxgl.profile.SaveLoadService
02:07:14.473 [FXGL Background Thread 3 ] DEBUG Engine               - class com.almasb.fxgl.ui.FXGLUIFactoryServiceProvider
02:07:14.473 [FXGL Background Thread 3 ] DEBUG Engine               - class com.almasb.fxgl.ui.FXGLDialogFactoryServiceProvider
02:07:14.473 [FXGL Background Thread 3 ] DEBUG Engine               - class com.almasb.fxgl.audio.AudioPlayer
02:07:14.473 [FXGL Background Thread 3 ] DEBUG Engine               - class com.almasb.fxgl.notification.impl.NotificationServiceProvider
02:07:14.473 [FXGL Background Thread 3 ] DEBUG Engine               - class com.almasb.fxgl.achievement.AchievementService
02:07:14.473 [FXGL Background Thread 3 ] DEBUG Engine               - class com.almasb.fxgl.cutscene.CutsceneService
02:07:14.473 [FXGL Background Thread 3 ] DEBUG Engine               - class com.almasb.fxgl.minigames.MiniGameService
02:07:14.473 [FXGL Background Thread 3 ] DEBUG Engine               - class com.almasb.fxgl.net.NetService
02:07:14.474 [FXGL Background Thread 3 ] DEBUG Engine               - class com.almasb.fxgl.app.services.UpdaterService
02:07:14.474 [FXGL Background Thread 3 ] DEBUG Engine               - class com.almasb.fxgl.dev.DevService
02:07:15.160 [JavaFX Application Thread] DEBUG FXGLApplication      - Exiting FXGL
02:07:15.160 [JavaFX Application Thread] DEBUG LoopRunner           - Stopping loop
02:07:15.161 [JavaFX Application Thread] DEBUG SystemBundleService  - Saving FXGL system data
02:07:15.162 [JavaFX Application Thread] DEBUG FileSystemAccess     - Writing to: C:\Users\Norma\IdeaProjects\Front-simulador\system\fxgl.bundle
02:07:15.163 [JavaFX Application Thread] DEBUG Async                - Shutting down background threads
02:07:15.163 [JavaFX Application Thread] DEBUG PrimaryStageWindow   - Closing main window
02:07:15.180 [JavaFX Application Thread] DEBUG Logger               - Closing Logger
